C:\Program Files (x86)\Microsoft Visual Studio\2017\Community\Common7\IDE\VC\VCTargets\Microsoft.CppBuild.targets(391,5): warning MSB8028: The intermediate directory (Debug\) contains files shared from another project (SpaceShooter.vcxproj, Template(Revised).vcxproj).  This can lead to incorrect clean and rebuild behavior.
  EntityManager.cpp
c:\users\smart\desktop\asteroids\asteroids  ( ecs v3 )\asteroidsscr (ecs)\game\entities\entitymanager.cpp(42): warning C4244: '=': conversion from 'double' to 'float', possible loss of data
c:\users\smart\desktop\asteroids\asteroids  ( ecs v3 )\asteroidsscr (ecs)\game\entities\entitymanager.cpp(56): warning C4838: conversion from 'unsigned int' to 'int' requires a narrowing conversion
c:\users\smart\desktop\asteroids\asteroids  ( ecs v3 )\asteroidsscr (ecs)\game\entities\entitymanager.cpp(126): warning C4244: 'argument': conversion from 'int' to 'float', possible loss of data
  Game.cpp
  ButtonSystem.cpp
  Switch.cpp
  Menu.cpp
  SceneManager.cpp
  BulletSystem.cpp
c:\users\smart\desktop\asteroids\asteroids  ( ecs v3 )\asteroidsscr (ecs)\game\systems\bulletsystem\bulletsystem.cpp(61): warning C4244: 'argument': conversion from 'double' to 'int', possible loss of data
c:\users\smart\desktop\asteroids\asteroids  ( ecs v3 )\asteroidsscr (ecs)\game\systems\bulletsystem\bulletsystem.cpp(60): warning C4244: 'argument': conversion from 'double' to 'int', possible loss of data
  CollisionSystem.cpp
c:\users\smart\desktop\asteroids\asteroids  ( ecs v3 )\asteroidsscr (ecs)\game\systems\collisionsystem\collisionsystem.cpp(58): warning C4018: '<': signed/unsigned mismatch
c:\users\smart\desktop\asteroids\asteroids  ( ecs v3 )\asteroidsscr (ecs)\game\systems\collisionsystem\collisionsystem.cpp(125): warning C4838: conversion from 'float' to 'int' requires a narrowing conversion
c:\users\smart\desktop\asteroids\asteroids  ( ecs v3 )\asteroidsscr (ecs)\game\systems\collisionsystem\collisionsystem.cpp(125): warning C4244: 'initializing': conversion from 'float' to 'int', possible loss of data
  DeathSystem.cpp
  FontSystem.cpp
  HealthDamageSystem.cpp
  InputSystem.cpp
  LevelSystem.cpp
c:\users\smart\desktop\asteroids\asteroids  ( ecs v3 )\asteroidsscr (ecs)\game\systems\levelsystem\levelsystem.cpp(23): warning C4244: '=': conversion from 'double' to 'float', possible loss of data
c:\users\smart\desktop\asteroids\asteroids  ( ecs v3 )\asteroidsscr (ecs)\game\systems\levelsystem\levelsystem.cpp(24): warning C4244: '=': conversion from 'double' to 'float', possible loss of data
c:\users\smart\desktop\asteroids\asteroids  ( ecs v3 )\asteroidsscr (ecs)\game\systems\levelsystem\levelsystem.cpp(30): warning C4244: '=': conversion from 'double' to 'float', possible loss of data
c:\users\smart\desktop\asteroids\asteroids  ( ecs v3 )\asteroidsscr (ecs)\game\systems\levelsystem\levelsystem.cpp(31): warning C4244: '=': conversion from 'double' to 'float', possible loss of data
c:\users\smart\desktop\asteroids\asteroids  ( ecs v3 )\asteroidsscr (ecs)\game\systems\levelsystem\levelsystem.cpp(37): warning C4244: '=': conversion from 'double' to 'float', possible loss of data
c:\users\smart\desktop\asteroids\asteroids  ( ecs v3 )\asteroidsscr (ecs)\game\systems\levelsystem\levelsystem.cpp(38): warning C4244: '=': conversion from 'double' to 'float', possible loss of data
  MeteorSystem.cpp
c:\users\smart\desktop\asteroids\asteroids  ( ecs v3 )\asteroidsscr (ecs)\game\systems\meteorsystem\meteorsystem.cpp(26): warning C4244: 'argument': conversion from 'float' to 'int', possible loss of data
c:\users\smart\desktop\asteroids\asteroids  ( ecs v3 )\asteroidsscr (ecs)\game\systems\meteorsystem\meteorsystem.cpp(70): warning C4244: '=': conversion from 'double' to 'float', possible loss of data
c:\users\smart\desktop\asteroids\asteroids  ( ecs v3 )\asteroidsscr (ecs)\game\systems\meteorsystem\meteorsystem.cpp(71): warning C4244: '=': conversion from 'double' to 'float', possible loss of data
c:\users\smart\desktop\asteroids\asteroids  ( ecs v3 )\asteroidsscr (ecs)\game\systems\meteorsystem\meteorsystem.cpp(76): warning C4244: '=': conversion from 'double' to 'float', possible loss of data
c:\users\smart\desktop\asteroids\asteroids  ( ecs v3 )\asteroidsscr (ecs)\game\systems\meteorsystem\meteorsystem.cpp(77): warning C4244: '=': conversion from 'double' to 'float', possible loss of data
  MovementSystem.cpp
c:\users\smart\desktop\asteroids\asteroids  ( ecs v3 )\asteroidsscr (ecs)\game\systems\movementsystem\movementsystem.cpp(102): warning C4244: 'initializing': conversion from 'float' to 'int', possible loss of data
c:\users\smart\desktop\asteroids\asteroids  ( ecs v3 )\asteroidsscr (ecs)\game\systems\movementsystem\movementsystem.cpp(103): warning C4244: 'initializing': conversion from 'float' to 'int', possible loss of data
c:\users\smart\desktop\asteroids\asteroids  ( ecs v3 )\asteroidsscr (ecs)\game\systems\movementsystem\movementsystem.cpp(142): warning C4244: '=': conversion from 'double' to 'float', possible loss of data
  RenderingSystem.cpp
  ScoreSystem.cpp
  Generating Code...
  Asteroids.vcxproj -> C:\Users\smart\Desktop\Asteroids\Asteroids  ( ECS V3 )\Debug\Asteroids.exe
